Using pre-set license
Built from '2020.3/staging' branch; Version is '2020.3.6f1 (338bb68529b2) revision 3378102'; Using compiler version '192528614'; Build Type 'Release'
OS: 'Windows 10 Pro; OS build 19042.1165; Version 2009; 64bit' Language: 'pt' Physical Memory: 32606 MB
BatchMode: 1, IsHumanControllingUs: 0, StartBugReporterOnCrash: 0, Is64bit: 1, IsPro: 0

 COMMAND LINE ARGUMENTS:
C:\Program Files\Unity\Hub\Editor\2020.3.6f1\Editor\Unity.exe
-adb2
-batchMode
-noUpm
-name
AssetImportWorker0
-projectPath
C:/UEA-EST/Projetos/_Experimentos/TripleD
-logFile
Logs/AssetImportWorker0.log
-srvPort
62303
Successfully changed project path to: C:/UEA-EST/Projetos/_Experimentos/TripleD
C:/UEA-EST/Projetos/_Experimentos/TripleD
Using Asset Import Pipeline V2.
Refreshing native plugins compatible for Editor in 23.61 ms, found 0 plugins.
Preloading 0 native plugins for Editor in 0.00 ms.
Initialize engine version: 2020.3.6f1 (338bb68529b2)
[Subsystems] Discovering subsystems at path C:/Program Files/Unity/Hub/Editor/2020.3.6f1/Editor/Data/Resources/UnitySubsystems
[Subsystems] Discovering subsystems at path C:/UEA-EST/Projetos/_Experimentos/TripleD/Assets
GfxDevice: creating device client; threaded=0
Direct3D:
    Version:  Direct3D 11.0 [level 11.1]
    Renderer: NVIDIA GeForce GTX 1650 Ti (ID=0x1f95)
    Vendor:   
    VRAM:     3962 MB
    Driver:   27.21.14.6242
Initialize mono
Mono path[0] = 'C:/Program Files/Unity/Hub/Editor/2020.3.6f1/Editor/Data/Managed'
Mono path[1] = 'C:/Program Files/Unity/Hub/Editor/2020.3.6f1/Editor/Data/MonoBleedingEdge/lib/mono/unityjit'
Mono config path = 'C:/Program Files/Unity/Hub/Editor/2020.3.6f1/Editor/Data/MonoBleedingEdge/etc'
Using monoOptions --debugger-agent=transport=dt_socket,embedding=1,server=y,suspend=n,address=127.0.0.1:56792
Begin MonoManager ReloadAssembly
Registering precompiled unity dll's ...
Register platform support module: C:/Program Files/Unity/Hub/Editor/2020.3.6f1/Editor/Data/PlaybackEngines/WindowsStandaloneSupport/UnityEditor.WindowsStandalone.Extensions.dll
Registered in 0.001756 seconds.
Native extension for WindowsStandalone target not found
Refreshing native plugins compatible for Editor in 22.67 ms, found 0 plugins.
Preloading 0 native plugins for Editor in 0.00 ms.
Mono: successfully reloaded assembly
- Completed reload, in  1.696 seconds
Platform modules already initialized, skipping
Registering precompiled user dll's ...
Registered in 0.000581 seconds.
Begin MonoManager ReloadAssembly
Native extension for WindowsStandalone target not found
Refreshing native plugins compatible for Editor in 24.36 ms, found 0 plugins.
Preloading 0 native plugins for Editor in 0.00 ms.
Mono: successfully reloaded assembly
- Completed reload, in  0.775 seconds
Platform modules already initialized, skipping
========================================================================
Worker process is ready to serve import requests
Launched and connected shader compiler UnityShaderCompiler.exe after 0.04 seconds
Refreshing native plugins compatible for Editor in 0.21 ms, found 0 plugins.
Preloading 0 native plugins for Editor in 0.00 ms.
Unloading 1411 Unused Serialized files (Serialized files now loaded: 0)
System memory in use before: 67.5 MB.
System memory in use after: 67.5 MB.

Unloading 12 unused Assets to reduce memory usage. Loaded Objects now: 1855.
Total: 2.573200 ms (FindLiveObjects: 0.479000 ms CreateObjectMapping: 0.180600 ms MarkObjects: 1.853000 ms  DeleteObjects: 0.059800 ms)

========================================================================
Received Import Request.
  path: Assets
  artifactKey: Guid(00000000000000001000000000000000) Importer(815301076,1909f56bfc062723c751e8b465ee728b)
Start importing Assets using Guid(00000000000000001000000000000000) Importer(815301076,1909f56bfc062723c751e8b465ee728b)  -> (artifact id: '2c602d4445bd9e0e517b9a7c882a2249') in 0.003266 seconds
  Import took 0.005400 seconds .

========================================================================
Received Import Request.
  Time since last request: 2.335969 seconds.
  path: Assets/Scripts
  artifactKey: Guid(af72c1d935ec6a04995657af72d2d80b) Importer(815301076,1909f56bfc062723c751e8b465ee728b)
Start importing Assets/Scripts using Guid(af72c1d935ec6a04995657af72d2d80b) Importer(815301076,1909f56bfc062723c751e8b465ee728b)  -> (artifact id: 'b8fde66979436835f4c0034fc631ab27') in 0.001843 seconds
  Import took 0.003952 seconds .

========================================================================
Received Import Request.
  Time since last request: 6.929459 seconds.
  path: Assets/Scripts/Input
  artifactKey: Guid(8d49396353665e64db81e0565ef3443c) Importer(815301076,1909f56bfc062723c751e8b465ee728b)
Start importing Assets/Scripts/Input using Guid(8d49396353665e64db81e0565ef3443c) Importer(815301076,1909f56bfc062723c751e8b465ee728b)  -> (artifact id: 'e15f6548d0a71fccb83534492c8cda18') in 0.002156 seconds
  Import took 0.004471 seconds .

========================================================================
Received Import Request.
  Time since last request: 15.437945 seconds.
  path: Assets/Scripts/Input/PlayerInput.inputactions
  artifactKey: Guid(fcf627946a1cdbc46b88380c80ea8ee8) Importer(815301076,1909f56bfc062723c751e8b465ee728b)
Start importing Assets/Scripts/Input/PlayerInput.inputactions using Guid(fcf627946a1cdbc46b88380c80ea8ee8) Importer(815301076,1909f56bfc062723c751e8b465ee728b)  -> (artifact id: 'a4831dc85a912fd526c2b50d5d1d34e6') in 0.038326 seconds
  Import took 0.040227 seconds .

========================================================================
Received Import Request.
  Time since last request: 76.744232 seconds.
  path: Assets/Scripts/Input/PlayerInput.inputactions
  artifactKey: Guid(fcf627946a1cdbc46b88380c80ea8ee8) Importer(815301076,1909f56bfc062723c751e8b465ee728b)
Start importing Assets/Scripts/Input/PlayerInput.inputactions using Guid(fcf627946a1cdbc46b88380c80ea8ee8) Importer(815301076,1909f56bfc062723c751e8b465ee728b)  -> (artifact id: '9c97796ad7b94d6fc54d0cf559531514') in 0.006918 seconds
  Import took 0.009255 seconds .

========================================================================
Received Prepare
Registering precompiled user dll's ...
Registered in 0.000560 seconds.
Begin MonoManager ReloadAssembly
Native extension for WindowsStandalone target not found
Refreshing native plugins compatible for Editor in 0.21 ms, found 0 plugins.
Preloading 0 native plugins for Editor in 0.00 ms.
Mono: successfully reloaded assembly
- Completed reload, in  0.712 seconds
Platform modules already initialized, skipping
Refreshing native plugins compatible for Editor in 0.22 ms, found 0 plugins.
Preloading 0 native plugins for Editor in 0.00 ms.
Unloading 1407 Unused Serialized files (Serialized files now loaded: 0)
System memory in use before: 67.6 MB.
System memory in use after: 67.7 MB.

Unloading 5 unused Assets to reduce memory usage. Loaded Objects now: 1859.
Total: 2.083400 ms (FindLiveObjects: 0.365100 ms CreateObjectMapping: 0.096900 ms MarkObjects: 1.578300 ms  DeleteObjects: 0.042200 ms)

========================================================================
Received Import Request.
  Time since last request: 12.204811 seconds.
  path: Assets/Scripts/Input/PlayerInput.cs
  artifactKey: Guid(e40c04f0c40cfaa48b18abc5d38bc82f) Importer(815301076,1909f56bfc062723c751e8b465ee728b)
Start importing Assets/Scripts/Input/PlayerInput.cs using Guid(e40c04f0c40cfaa48b18abc5d38bc82f) Importer(815301076,1909f56bfc062723c751e8b465ee728b)  -> (artifact id: 'f3cc890b3694361ca97de0fe62700cce') in 0.031318 seconds
  Import took 0.033460 seconds .

========================================================================
Received Import Request.
  Time since last request: 0.000549 seconds.
  path: Assets/Scripts/Input/PlayerInput.cs
  artifactKey: Guid(e40c04f0c40cfaa48b18abc5d38bc82f) Importer(815301076,1909f56bfc062723c751e8b465ee728b)
Start importing Assets/Scripts/Input/PlayerInput.cs using Guid(e40c04f0c40cfaa48b18abc5d38bc82f) Importer(815301076,1909f56bfc062723c751e8b465ee728b)  -> (artifact id: 'f3cc890b3694361ca97de0fe62700cce') in 0.001368 seconds
  Import took 0.003183 seconds .

========================================================================
Received Import Request.
  Time since last request: 17.434569 seconds.
  path: Assets/Scripts/Player
  artifactKey: Guid(a5d7aa2c3e6d88e47896f4c9509b77da) Importer(815301076,1909f56bfc062723c751e8b465ee728b)
Start importing Assets/Scripts/Player using Guid(a5d7aa2c3e6d88e47896f4c9509b77da) Importer(815301076,1909f56bfc062723c751e8b465ee728b)  -> (artifact id: 'ee0ba21f66bd10b82be460ff6074bfc9') in 0.002130 seconds
  Import took 0.004495 seconds .

========================================================================
Received Import Request.
  Time since last request: 14.483923 seconds.
  path: Assets/Scripts/Player/PlayerMovement.cs
  artifactKey: Guid(b19660d2c907d354899a97544a0f9731) Importer(815301076,1909f56bfc062723c751e8b465ee728b)
Start importing Assets/Scripts/Player/PlayerMovement.cs using Guid(b19660d2c907d354899a97544a0f9731) Importer(815301076,1909f56bfc062723c751e8b465ee728b)  -> (artifact id: '700dd7e26c040aa4de5ff63ac376c180') in 0.001905 seconds
  Import took 0.004146 seconds .

========================================================================
Received Import Request.
  Time since last request: 0.001123 seconds.
  path: Assets/Scripts/Player/PlayerMovement.cs
  artifactKey: Guid(b19660d2c907d354899a97544a0f9731) Importer(815301076,1909f56bfc062723c751e8b465ee728b)
Start importing Assets/Scripts/Player/PlayerMovement.cs using Guid(b19660d2c907d354899a97544a0f9731) Importer(815301076,1909f56bfc062723c751e8b465ee728b)  -> (artifact id: '700dd7e26c040aa4de5ff63ac376c180') in 0.001983 seconds
  Import took 0.004286 seconds .

========================================================================
Received Prepare
Registering precompiled user dll's ...
Registered in 0.000545 seconds.
Begin MonoManager ReloadAssembly
Native extension for WindowsStandalone target not found
Refreshing native plugins compatible for Editor in 0.22 ms, found 0 plugins.
Preloading 0 native plugins for Editor in 0.00 ms.
Mono: successfully reloaded assembly
- Completed reload, in  0.703 seconds
Platform modules already initialized, skipping
Refreshing native plugins compatible for Editor in 0.25 ms, found 0 plugins.
Preloading 0 native plugins for Editor in 0.00 ms.
Unloading 1408 Unused Serialized files (Serialized files now loaded: 0)
System memory in use before: 67.7 MB.
System memory in use after: 67.7 MB.

Unloading 5 unused Assets to reduce memory usage. Loaded Objects now: 1863.
Total: 3.661500 ms (FindLiveObjects: 0.320300 ms CreateObjectMapping: 0.126800 ms MarkObjects: 3.129400 ms  DeleteObjects: 0.082600 ms)

========================================================================
Received Prepare
Registering precompiled user dll's ...
Registered in 0.000783 seconds.
Begin MonoManager ReloadAssembly
Native extension for WindowsStandalone target not found
Refreshing native plugins compatible for Editor in 0.24 ms, found 0 plugins.
Preloading 0 native plugins for Editor in 0.00 ms.
Mono: successfully reloaded assembly
- Completed reload, in  0.939 seconds
Platform modules already initialized, skipping
Refreshing native plugins compatible for Editor in 0.42 ms, found 0 plugins.
Preloading 0 native plugins for Editor in 0.00 ms.
Unloading 1408 Unused Serialized files (Serialized files now loaded: 0)
System memory in use before: 67.7 MB.
System memory in use after: 67.8 MB.

Unloading 5 unused Assets to reduce memory usage. Loaded Objects now: 1866.
Total: 2.240700 ms (FindLiveObjects: 0.193600 ms CreateObjectMapping: 0.064000 ms MarkObjects: 1.907300 ms  DeleteObjects: 0.074300 ms)

========================================================================
Received Import Request.
  Time since last request: 52.049208 seconds.
  path: Assets/Scripts/Player/PlayerMovement.cs
  artifactKey: Guid(b19660d2c907d354899a97544a0f9731) Importer(815301076,1909f56bfc062723c751e8b465ee728b)
Start importing Assets/Scripts/Player/PlayerMovement.cs using Guid(b19660d2c907d354899a97544a0f9731) Importer(815301076,1909f56bfc062723c751e8b465ee728b)  -> (artifact id: '4cee3d0b8c83683a7be253ec07c8e5ca') in 0.003547 seconds
  Import took 0.005794 seconds .

========================================================================
Received Prepare
Registering precompiled user dll's ...
Registered in 0.001174 seconds.
Begin MonoManager ReloadAssembly
Native extension for WindowsStandalone target not found
Refreshing native plugins compatible for Editor in 0.22 ms, found 0 plugins.
Preloading 0 native plugins for Editor in 0.00 ms.
Mono: successfully reloaded assembly
- Completed reload, in  0.923 seconds
Platform modules already initialized, skipping
Refreshing native plugins compatible for Editor in 0.40 ms, found 0 plugins.
Preloading 0 native plugins for Editor in 0.00 ms.
Unloading 1408 Unused Serialized files (Serialized files now loaded: 0)
System memory in use before: 67.7 MB.
System memory in use after: 67.8 MB.

Unloading 5 unused Assets to reduce memory usage. Loaded Objects now: 1869.
Total: 1.876800 ms (FindLiveObjects: 0.140100 ms CreateObjectMapping: 0.047500 ms MarkObjects: 1.617900 ms  DeleteObjects: 0.069800 ms)

========================================================================
Received Prepare
Registering precompiled user dll's ...
Registered in 0.000532 seconds.
Begin MonoManager ReloadAssembly
Native extension for WindowsStandalone target not found
Refreshing native plugins compatible for Editor in 0.31 ms, found 0 plugins.
Preloading 0 native plugins for Editor in 0.00 ms.
Mono: successfully reloaded assembly
- Completed reload, in  0.738 seconds
Platform modules already initialized, skipping
Refreshing native plugins compatible for Editor in 0.23 ms, found 0 plugins.
Preloading 0 native plugins for Editor in 0.00 ms.
Unloading 1408 Unused Serialized files (Serialized files now loaded: 0)
System memory in use before: 67.7 MB.
System memory in use after: 67.8 MB.

Unloading 5 unused Assets to reduce memory usage. Loaded Objects now: 1872.
Total: 1.740900 ms (FindLiveObjects: 0.221000 ms CreateObjectMapping: 0.041900 ms MarkObjects: 1.434300 ms  DeleteObjects: 0.042400 ms)

========================================================================
Received Prepare
Registering precompiled user dll's ...
Registered in 0.000635 seconds.
Begin MonoManager ReloadAssembly
Native extension for WindowsStandalone target not found
Refreshing native plugins compatible for Editor in 0.21 ms, found 0 plugins.
Preloading 0 native plugins for Editor in 0.00 ms.
Mono: successfully reloaded assembly
- Completed reload, in  0.766 seconds
Platform modules already initialized, skipping
Refreshing native plugins compatible for Editor in 0.32 ms, found 0 plugins.
Preloading 0 native plugins for Editor in 0.00 ms.
Unloading 1408 Unused Serialized files (Serialized files now loaded: 0)
System memory in use before: 67.7 MB.
System memory in use after: 67.8 MB.

Unloading 5 unused Assets to reduce memory usage. Loaded Objects now: 1875.
Total: 2.197100 ms (FindLiveObjects: 0.247600 ms CreateObjectMapping: 0.073500 ms MarkObjects: 1.794600 ms  DeleteObjects: 0.080600 ms)

========================================================================
Received Prepare
Registering precompiled user dll's ...
Registered in 0.000935 seconds.
Begin MonoManager ReloadAssembly
Native extension for WindowsStandalone target not found
Refreshing native plugins compatible for Editor in 0.22 ms, found 0 plugins.
Preloading 0 native plugins for Editor in 0.00 ms.
Mono: successfully reloaded assembly
- Completed reload, in  0.753 seconds
Platform modules already initialized, skipping
Refreshing native plugins compatible for Editor in 0.45 ms, found 0 plugins.
Preloading 0 native plugins for Editor in 0.00 ms.
Unloading 1408 Unused Serialized files (Serialized files now loaded: 0)
System memory in use before: 67.7 MB.
System memory in use after: 67.8 MB.

Unloading 5 unused Assets to reduce memory usage. Loaded Objects now: 1878.
Total: 1.660000 ms (FindLiveObjects: 0.219100 ms CreateObjectMapping: 0.046000 ms MarkObjects: 1.352200 ms  DeleteObjects: 0.041600 ms)

========================================================================
Received Prepare
Registering precompiled user dll's ...
Registered in 0.000561 seconds.
Begin MonoManager ReloadAssembly
Native extension for WindowsStandalone target not found
Refreshing native plugins compatible for Editor in 0.21 ms, found 0 plugins.
Preloading 0 native plugins for Editor in 0.00 ms.
Mono: successfully reloaded assembly
- Completed reload, in  0.767 seconds
Platform modules already initialized, skipping
Refreshing native plugins compatible for Editor in 0.22 ms, found 0 plugins.
Preloading 0 native plugins for Editor in 0.00 ms.
Unloading 1408 Unused Serialized files (Serialized files now loaded: 0)
System memory in use before: 67.7 MB.
System memory in use after: 67.8 MB.

Unloading 5 unused Assets to reduce memory usage. Loaded Objects now: 1881.
Total: 3.540500 ms (FindLiveObjects: 0.328900 ms CreateObjectMapping: 0.098400 ms MarkObjects: 3.037400 ms  DeleteObjects: 0.073100 ms)

========================================================================
Received Prepare
Registering precompiled user dll's ...
Registered in 0.000925 seconds.
Begin MonoManager ReloadAssembly
Native extension for WindowsStandalone target not found
Refreshing native plugins compatible for Editor in 0.52 ms, found 0 plugins.
Preloading 0 native plugins for Editor in 0.00 ms.
Mono: successfully reloaded assembly
- Completed reload, in  0.866 seconds
Platform modules already initialized, skipping
Refreshing native plugins compatible for Editor in 0.49 ms, found 0 plugins.
Preloading 0 native plugins for Editor in 0.00 ms.
Unloading 1408 Unused Serialized files (Serialized files now loaded: 0)
System memory in use before: 67.7 MB.
System memory in use after: 67.8 MB.

Unloading 5 unused Assets to reduce memory usage. Loaded Objects now: 1884.
Total: 2.979300 ms (FindLiveObjects: 0.674000 ms CreateObjectMapping: 0.147800 ms MarkObjects: 2.087300 ms  DeleteObjects: 0.067800 ms)

AssetImportWorkerClient::OnTransportError - code=2 error=End of file
